<?xml version="1.0" encoding="UTF-8"?>
<!-- Generated by org.testng.reporters.JUnitXMLReporter -->
<testsuite hostname="Nur" ignored="0" name="Default test" tests="3" failures="0" timestamp="27 Jul 2020 11:00:54 GMT" time="19.485" errors="0">
  <testcase name="verifySignUpLinkTest" time="6.621" classname="com.qa.hubspot.tests.LoginPageTest"/>
  <testcase name="verifyLoginPageTitleTest" time="0.041" classname="com.qa.hubspot.tests.LoginPageTest"/>
  <testcase name="loginPageTest" time="2.998" classname="com.qa.hubspot.tests.LoginPageTest"/>
</testsuite> <!-- Default test -->
