<?xml version="1.0" encoding="UTF-8"?>
<!-- Generated by org.testng.reporters.JUnitXMLReporter -->
<testsuite hostname="Nur" ignored="0" name="Hubspot feature Testing" tests="3" failures="0" timestamp="24 Jul 2020 10:59:47 GMT" time="0.395" errors="0">
  <testcase name="@BeforeTest setUp" time="0.052" classname="com.qa.hubspot.base.BaseTest">
    <failure type="java.lang.Error" message="Unresolved compilation problems: 
	WebDriverManager cannot be resolved
	WebDriverManager cannot be resolved
	WebDriverManager cannot be resolved
">
      <![CDATA[java.lang.Error: Unresolved compilation problems: 
WebDriverManager cannot be resolved
WebDriverManager cannot be resolved
WebDriverManager cannot be resolved

at com.qa.hubspot.base.BasePage.init_driver(BasePage.java:42)
at com.qa.hubspot.base.BaseTest.setUp(BaseTest.java:24)
... Removed 24 stack frames]]>
    </failure>
  </testcase> <!-- @BeforeTest setUp -->
  <testcase name="@AfterTest tearDown" time="0.0" classname="com.qa.hubspot.base.BaseTest">
    <skipped/>
  </testcase> <!-- @AfterTest tearDown -->
  <testcase name="verifySignUpLinkTest" time="0.0" classname="com.qa.hubspot.tests.LoginPageTest">
    <skipped/>
  </testcase> <!-- verifySignUpLinkTest -->
  <testcase name="verifyLoginPageTitleTest" time="0.0" classname="com.qa.hubspot.tests.LoginPageTest">
    <skipped/>
  </testcase> <!-- verifyLoginPageTitleTest -->
  <testcase name="loginPageTest" time="0.0" classname="com.qa.hubspot.tests.LoginPageTest">
    <skipped/>
  </testcase> <!-- loginPageTest -->
</testsuite> <!-- Hubspot feature Testing -->
