<?xml version="1.0" encoding="UTF-8"?>
<!-- Generated by org.testng.reporters.JUnitXMLReporter -->
<testsuite hostname="Nur" ignored="0" name="HubSpot Feature Testing - login" tests="3" failures="0" timestamp="24 Jul 2020 20:31:51 GMT" time="18.674" errors="0">
  <testcase name="verifySignUpLinkTest" time="5.721" classname="com.qa.hubspot.tests.LoginPageTest"/>
  <testcase name="verifyLoginPageTitleTest" time="0.037" classname="com.qa.hubspot.tests.LoginPageTest"/>
  <testcase name="loginPageTest" time="3.227" classname="com.qa.hubspot.tests.LoginPageTest"/>
</testsuite> <!-- HubSpot Feature Testing - login -->
