<?xml version="1.0" encoding="UTF-8"?>
<!-- Generated by org.testng.reporters.JUnitXMLReporter -->
<testsuite hostname="Nur" ignored="0" name="HubSpot Feature Testing - login" tests="3" failures="0" timestamp="03 Oct 2020 21:05:42 GMT" time="19.676" errors="0">
  <testcase name="verifySignUpLinkTest" time="5.45" classname="com.qa.hubspot.tests.LoginPageTest"/>
  <testcase name="verifyLoginPageTitleTest" time="0.051" classname="com.qa.hubspot.tests.LoginPageTest"/>
  <testcase name="loginPageTest" time="2.52" classname="com.qa.hubspot.tests.LoginPageTest"/>
</testsuite> <!-- HubSpot Feature Testing - login -->
