<?xml version="1.0" encoding="UTF-8"?>
<!-- Generated by org.testng.reporters.JUnitXMLReporter -->
<testsuite hostname="Nur" ignored="0" name="HubSpot Feature Testing - home " tests="3" failures="0" timestamp="24 Jul 2020 20:32:12 GMT" time="20.675" errors="0">
  <testcase name="verifyHomePageHeaderTest" time="4.68" classname="com.qa.hubspot.tests.HomePageTest"/>
  <testcase name="verifyHomePageTitleTest" time="0.016" classname="com.qa.hubspot.tests.HomePageTest"/>
  <testcase name="verifyLoggedinUserTest" time="1.41" classname="com.qa.hubspot.tests.HomePageTest"/>
</testsuite> <!-- HubSpot Feature Testing - home  -->
