<?xml version="1.0" encoding="UTF-8"?>
<testng-results skipped="0" failed="0" ignored="0" total="3" passed="3">
  <reporter-output>
  </reporter-output>
  <suite name="Default suite" duration-ms="17295" started-at="2020-07-30T01:43:53Z" finished-at="2020-07-30T01:44:10Z">
    <groups>
    </groups>
    <test name="Default test" duration-ms="17295" started-at="2020-07-30T01:43:53Z" finished-at="2020-07-30T01:44:10Z">
      <class name="com.qa.hubspot.tests.LoginPageTest">
        <test-method status="PASS" signature="setUp()[pri:0, instance:com.qa.hubspot.tests.LoginPageTest@6b5966e1]" name="setUp" is-config="true" duration-ms="8252" started-at="2020-07-30T01:43:53Z" finished-at="2020-07-30T01:44:01Z">
          <reporter-output>
          </reporter-output>
        </test-method> <!-- setUp -->
        <test-method status="PASS" signature="verifySignUpLinkTest()[pri:1, instance:com.qa.hubspot.tests.LoginPageTest@6b5966e1]" name="verifySignUpLinkTest" duration-ms="5233" started-at="2020-07-30T01:44:01Z" finished-at="2020-07-30T01:44:06Z">
          <reporter-output>
          </reporter-output>
        </test-method> <!-- verifySignUpLinkTest -->
        <test-method status="PASS" signature="verifyLoginPageTitleTest()[pri:2, instance:com.qa.hubspot.tests.LoginPageTest@6b5966e1]" name="verifyLoginPageTitleTest" duration-ms="40" started-at="2020-07-30T01:44:06Z" finished-at="2020-07-30T01:44:06Z">
          <reporter-output>
          </reporter-output>
        </test-method> <!-- verifyLoginPageTitleTest -->
        <test-method status="PASS" signature="loginPageTest()[pri:3, instance:com.qa.hubspot.tests.LoginPageTest@6b5966e1]" name="loginPageTest" duration-ms="2897" started-at="2020-07-30T01:44:06Z" finished-at="2020-07-30T01:44:09Z">
          <reporter-output>
          </reporter-output>
        </test-method> <!-- loginPageTest -->
        <test-method status="PASS" signature="tearDown()[pri:0, instance:com.qa.hubspot.tests.LoginPageTest@6b5966e1]" name="tearDown" is-config="true" duration-ms="627" started-at="2020-07-30T01:44:09Z" finished-at="2020-07-30T01:44:10Z">
          <reporter-output>
          </reporter-output>
        </test-method> <!-- tearDown -->
      </class> <!-- com.qa.hubspot.tests.LoginPageTest -->
    </test> <!-- Default test -->
  </suite> <!-- Default suite -->
</testng-results>
