<?xml version="1.0" encoding="UTF-8"?>
<testng-results skipped="0" failed="0" ignored="0" total="3" passed="3">
  <reporter-output>
  </reporter-output>
  <suite name="Hub spot Test Automation regression suite" duration-ms="17830" started-at="2020-07-25T09:31:36Z" finished-at="2020-07-25T09:31:53Z">
    <groups>
    </groups>
    <test name="Hubspot feature Testing" duration-ms="17830" started-at="2020-07-25T09:31:36Z" finished-at="2020-07-25T09:31:53Z">
      <class name="com.qa.hubspot.tests.LoginPageTest">
        <test-method status="PASS" signature="setUp()[pri:0, instance:com.qa.hubspot.tests.LoginPageTest@1255b1d1]" name="setUp" is-config="true" duration-ms="8598" started-at="2020-07-25T09:31:36Z" finished-at="2020-07-25T09:31:44Z">
          <reporter-output>
          </reporter-output>
        </test-method> <!-- setUp -->
        <test-method status="PASS" signature="verifySignUpLinkTest()[pri:1, instance:com.qa.hubspot.tests.LoginPageTest@1255b1d1]" name="verifySignUpLinkTest" duration-ms="5457" started-at="2020-07-25T09:31:44Z" finished-at="2020-07-25T09:31:50Z">
          <reporter-output>
          </reporter-output>
        </test-method> <!-- verifySignUpLinkTest -->
        <test-method status="PASS" signature="verifyLoginPageTitleTest()[pri:2, instance:com.qa.hubspot.tests.LoginPageTest@1255b1d1]" name="verifyLoginPageTitleTest" duration-ms="35" started-at="2020-07-25T09:31:50Z" finished-at="2020-07-25T09:31:50Z">
          <reporter-output>
          </reporter-output>
        </test-method> <!-- verifyLoginPageTitleTest -->
        <test-method status="PASS" signature="loginPageTest()[pri:3, instance:com.qa.hubspot.tests.LoginPageTest@1255b1d1]" name="loginPageTest" duration-ms="2887" started-at="2020-07-25T09:31:50Z" finished-at="2020-07-25T09:31:53Z">
          <reporter-output>
          </reporter-output>
        </test-method> <!-- loginPageTest -->
        <test-method status="PASS" signature="tearDown()[pri:0, instance:com.qa.hubspot.tests.LoginPageTest@1255b1d1]" name="tearDown" is-config="true" duration-ms="623" started-at="2020-07-25T09:31:53Z" finished-at="2020-07-25T09:31:53Z">
          <reporter-output>
          </reporter-output>
        </test-method> <!-- tearDown -->
      </class> <!-- com.qa.hubspot.tests.LoginPageTest -->
    </test> <!-- Hubspot feature Testing -->
  </suite> <!-- Hub spot Test Automation regression suite -->
</testng-results>
