<?xml version="1.0" encoding="UTF-8"?>
<testng-results skipped="0" failed="0" ignored="0" total="3" passed="3">
  <reporter-output>
  </reporter-output>
  <suite name="Hub spot Test automtion regression suite" duration-ms="19676" started-at="2020-10-03T21:05:23Z" finished-at="2020-10-03T21:05:42Z">
    <groups>
    </groups>
    <test name="HubSpot Feature Testing - login" duration-ms="19676" started-at="2020-10-03T21:05:23Z" finished-at="2020-10-03T21:05:42Z">
      <class name="com.qa.hubspot.tests.LoginPageTest">
        <test-method status="PASS" signature="setUp()[pri:0, instance:com.qa.hubspot.tests.LoginPageTest@51e37590]" name="setUp" is-config="true" duration-ms="10475" started-at="2020-10-03T21:05:23Z" finished-at="2020-10-03T21:05:33Z">
          <reporter-output>
          </reporter-output>
        </test-method> <!-- setUp -->
        <test-method status="PASS" signature="verifySignUpLinkTest()[pri:1, instance:com.qa.hubspot.tests.LoginPageTest@51e37590]" name="verifySignUpLinkTest" duration-ms="5450" started-at="2020-10-03T21:05:33Z" finished-at="2020-10-03T21:05:39Z">
          <reporter-output>
          </reporter-output>
        </test-method> <!-- verifySignUpLinkTest -->
        <test-method status="PASS" signature="verifyLoginPageTitleTest()[pri:2, instance:com.qa.hubspot.tests.LoginPageTest@51e37590]" name="verifyLoginPageTitleTest" duration-ms="51" started-at="2020-10-03T21:05:39Z" finished-at="2020-10-03T21:05:39Z">
          <reporter-output>
          </reporter-output>
        </test-method> <!-- verifyLoginPageTitleTest -->
        <test-method status="PASS" signature="loginPageTest()[pri:3, instance:com.qa.hubspot.tests.LoginPageTest@51e37590]" name="loginPageTest" duration-ms="2520" started-at="2020-10-03T21:05:39Z" finished-at="2020-10-03T21:05:42Z">
          <reporter-output>
          </reporter-output>
        </test-method> <!-- loginPageTest -->
        <test-method status="PASS" signature="tearDown()[pri:0, instance:com.qa.hubspot.tests.LoginPageTest@51e37590]" name="tearDown" is-config="true" duration-ms="871" started-at="2020-10-03T21:05:42Z" finished-at="2020-10-03T21:05:42Z">
          <reporter-output>
          </reporter-output>
        </test-method> <!-- tearDown -->
      </class> <!-- com.qa.hubspot.tests.LoginPageTest -->
    </test> <!-- HubSpot Feature Testing - login -->
  </suite> <!-- Hub spot Test automtion regression suite -->
</testng-results>
