<?xml version="1.0" encoding="UTF-8"?>
<testng-results skipped="0" failed="0" ignored="0" total="3" passed="3">
  <reporter-output>
  </reporter-output>
  <suite name="Default suite" duration-ms="18756" started-at="2020-07-29T21:39:15Z" finished-at="2020-07-29T21:39:34Z">
    <groups>
    </groups>
    <test name="Default test" duration-ms="18756" started-at="2020-07-29T21:39:15Z" finished-at="2020-07-29T21:39:34Z">
      <class name="com.qa.hubspot.tests.LoginPageTest">
        <test-method status="PASS" signature="setUp()[pri:0, instance:com.qa.hubspot.tests.LoginPageTest@65e61854]" name="setUp" is-config="true" duration-ms="9323" started-at="2020-07-29T21:39:15Z" finished-at="2020-07-29T21:39:24Z">
          <reporter-output>
          </reporter-output>
        </test-method> <!-- setUp -->
        <test-method status="PASS" signature="verifySignUpLinkTest()[pri:1, instance:com.qa.hubspot.tests.LoginPageTest@65e61854]" name="verifySignUpLinkTest" duration-ms="5609" started-at="2020-07-29T21:39:25Z" finished-at="2020-07-29T21:39:30Z">
          <reporter-output>
          </reporter-output>
        </test-method> <!-- verifySignUpLinkTest -->
        <test-method status="PASS" signature="verifyLoginPageTitleTest()[pri:2, instance:com.qa.hubspot.tests.LoginPageTest@65e61854]" name="verifyLoginPageTitleTest" duration-ms="35" started-at="2020-07-29T21:39:30Z" finished-at="2020-07-29T21:39:30Z">
          <reporter-output>
          </reporter-output>
        </test-method> <!-- verifyLoginPageTitleTest -->
        <test-method status="PASS" signature="loginPageTest()[pri:3, instance:com.qa.hubspot.tests.LoginPageTest@65e61854]" name="loginPageTest" duration-ms="2929" started-at="2020-07-29T21:39:30Z" finished-at="2020-07-29T21:39:33Z">
          <reporter-output>
          </reporter-output>
        </test-method> <!-- loginPageTest -->
        <test-method status="PASS" signature="tearDown()[pri:0, instance:com.qa.hubspot.tests.LoginPageTest@65e61854]" name="tearDown" is-config="true" duration-ms="656" started-at="2020-07-29T21:39:33Z" finished-at="2020-07-29T21:39:34Z">
          <reporter-output>
          </reporter-output>
        </test-method> <!-- tearDown -->
      </class> <!-- com.qa.hubspot.tests.LoginPageTest -->
    </test> <!-- Default test -->
  </suite> <!-- Default suite -->
</testng-results>
